Determining if the pthread_create exist failed with the following output:
Change Dir: /afs/cern.ch/user/m/mbarbone/private/test-regression/debug/CMakeFiles/CMakeTmp

Run Build Command:"/usr/bin/gmake" "cmTC_01e4f/fast"
/usr/bin/gmake -f CMakeFiles/cmTC_01e4f.dir/build.make CMakeFiles/cmTC_01e4f.dir/build
gmake[1]: Entering directory `/afs/cern.ch/user/m/mbarbone/private/test-regression/debug/CMakeFiles/CMakeTmp'
Building C object CMakeFiles/cmTC_01e4f.dir/CheckSymbolExists.c.o
/cvmfs/cms.cern.ch/slc7_amd64_gcc630/external/gcc/6.3.0/bin/cc   -fPIC    -o CMakeFiles/cmTC_01e4f.dir/CheckSymbolExists.c.o   -c /afs/cern.ch/user/m/mbarbone/private/test-regression/debug/CMakeFiles/CMakeTmp/CheckSymbolExists.c
Linking C executable cmTC_01e4f
/data/user/vkhriste/cmake-3.11.1-Linux-x86_64/bin/cmake -E cmake_link_script CMakeFiles/cmTC_01e4f.dir/link.txt --verbose=1
/cvmfs/cms.cern.ch/slc7_amd64_gcc630/external/gcc/6.3.0/bin/cc -fPIC     CMakeFiles/cmTC_01e4f.dir/CheckSymbolExists.c.o  -o cmTC_01e4f 
CMakeFiles/cmTC_01e4f.dir/CheckSymbolExists.c.o: In function `main':
CheckSymbolExists.c:(.text+0x1b): undefined reference to `pthread_create'
collect2: error: ld returned 1 exit status
gmake[1]: *** [cmTC_01e4f] Error 1
gmake[1]: Leaving directory `/afs/cern.ch/user/m/mbarbone/private/test-regression/debug/CMakeFiles/CMakeTmp'
gmake: *** [cmTC_01e4f/fast] Error 2

File /afs/cern.ch/user/m/mbarbone/private/test-regression/debug/CMakeFiles/CMakeTmp/CheckSymbolExists.c:
/* */
#include <pthread.h>

int main(int argc, char** argv)
{
  (void)argv;
#ifndef pthread_create
  return ((int*)(&pthread_create))[argc];
#else
  (void)argc;
  return 0;
#endif
}

Determining if the function pthread_create exists in the pthreads failed with the following output:
Change Dir: /afs/cern.ch/user/m/mbarbone/private/test-regression/debug/CMakeFiles/CMakeTmp

Run Build Command:"/usr/bin/gmake" "cmTC_287f1/fast"
/usr/bin/gmake -f CMakeFiles/cmTC_287f1.dir/build.make CMakeFiles/cmTC_287f1.dir/build
gmake[1]: Entering directory `/afs/cern.ch/user/m/mbarbone/private/test-regression/debug/CMakeFiles/CMakeTmp'
Building C object CMakeFiles/cmTC_287f1.dir/CheckFunctionExists.c.o
/cvmfs/cms.cern.ch/slc7_amd64_gcc630/external/gcc/6.3.0/bin/cc   -fPIC -DCHECK_FUNCTION_EXISTS=pthread_create   -o CMakeFiles/cmTC_287f1.dir/CheckFunctionExists.c.o   -c /data/user/vkhriste/cmake-3.11.1-Linux-x86_64/share/cmake-3.11/Modules/CheckFunctionExists.c
Linking C executable cmTC_287f1
/data/user/vkhriste/cmake-3.11.1-Linux-x86_64/bin/cmake -E cmake_link_script CMakeFiles/cmTC_287f1.dir/link.txt --verbose=1
/cvmfs/cms.cern.ch/slc7_amd64_gcc630/external/gcc/6.3.0/bin/cc -fPIC -DCHECK_FUNCTION_EXISTS=pthread_create    CMakeFiles/cmTC_287f1.dir/CheckFunctionExists.c.o  -o cmTC_287f1 -lpthreads 
/cvmfs/cms.cern.ch/slc7_amd64_gcc630/external/gcc/6.3.0/bin/../lib/gcc/x86_64-unknown-linux-gnu/6.3.0/../../../../x86_64-unknown-linux-gnu/bin/ld: cannot find -lpthreads
collect2: error: ld returned 1 exit status
gmake[1]: *** [cmTC_287f1] Error 1
gmake[1]: Leaving directory `/afs/cern.ch/user/m/mbarbone/private/test-regression/debug/CMakeFiles/CMakeTmp'
gmake: *** [cmTC_287f1/fast] Error 2


Determining if the CL_VERSION_2_2 exist failed with the following output:
Change Dir: /afs/cern.ch/user/m/mbarbone/private/test-regression/debug/CMakeFiles/CMakeTmp

Run Build Command:"/usr/bin/gmake" "cmTC_58b2b/fast"
/usr/bin/gmake -f CMakeFiles/cmTC_58b2b.dir/build.make CMakeFiles/cmTC_58b2b.dir/build
gmake[1]: Entering directory `/afs/cern.ch/user/m/mbarbone/private/test-regression/debug/CMakeFiles/CMakeTmp'
Building C object CMakeFiles/cmTC_58b2b.dir/CheckSymbolExists.c.o
/cvmfs/cms.cern.ch/slc7_amd64_gcc630/external/gcc/6.3.0/bin/cc  -I/usr/local/cuda/include   -o CMakeFiles/cmTC_58b2b.dir/CheckSymbolExists.c.o   -c /afs/cern.ch/user/m/mbarbone/private/test-regression/debug/CMakeFiles/CMakeTmp/CheckSymbolExists.c
/afs/cern.ch/user/m/mbarbone/private/test-regression/debug/CMakeFiles/CMakeTmp/CheckSymbolExists.c: In function 'main':
/afs/cern.ch/user/m/mbarbone/private/test-regression/debug/CMakeFiles/CMakeTmp/CheckSymbolExists.c:8:19: error: 'CL_VERSION_2_2' undeclared (first use in this function)
   return ((int*)(&CL_VERSION_2_2))[argc];
                   ^~~~~~~~~~~~~~
/afs/cern.ch/user/m/mbarbone/private/test-regression/debug/CMakeFiles/CMakeTmp/CheckSymbolExists.c:8:19: note: each undeclared identifier is reported only once for each function it appears in
gmake[1]: *** [CMakeFiles/cmTC_58b2b.dir/CheckSymbolExists.c.o] Error 1
gmake[1]: Leaving directory `/afs/cern.ch/user/m/mbarbone/private/test-regression/debug/CMakeFiles/CMakeTmp'
gmake: *** [cmTC_58b2b/fast] Error 2

File /afs/cern.ch/user/m/mbarbone/private/test-regression/debug/CMakeFiles/CMakeTmp/CheckSymbolExists.c:
/* */
#include </usr/local/cuda/include/CL/cl.h>

int main(int argc, char** argv)
{
  (void)argv;
#ifndef CL_VERSION_2_2
  return ((int*)(&CL_VERSION_2_2))[argc];
#else
  (void)argc;
  return 0;
#endif
}

Determining if the CL_VERSION_2_1 exist failed with the following output:
Change Dir: /afs/cern.ch/user/m/mbarbone/private/test-regression/debug/CMakeFiles/CMakeTmp

Run Build Command:"/usr/bin/gmake" "cmTC_fb639/fast"
/usr/bin/gmake -f CMakeFiles/cmTC_fb639.dir/build.make CMakeFiles/cmTC_fb639.dir/build
gmake[1]: Entering directory `/afs/cern.ch/user/m/mbarbone/private/test-regression/debug/CMakeFiles/CMakeTmp'
Building C object CMakeFiles/cmTC_fb639.dir/CheckSymbolExists.c.o
/cvmfs/cms.cern.ch/slc7_amd64_gcc630/external/gcc/6.3.0/bin/cc  -I/usr/local/cuda/include   -o CMakeFiles/cmTC_fb639.dir/CheckSymbolExists.c.o   -c /afs/cern.ch/user/m/mbarbone/private/test-regression/debug/CMakeFiles/CMakeTmp/CheckSymbolExists.c
/afs/cern.ch/user/m/mbarbone/private/test-regression/debug/CMakeFiles/CMakeTmp/CheckSymbolExists.c: In function 'main':
/afs/cern.ch/user/m/mbarbone/private/test-regression/debug/CMakeFiles/CMakeTmp/CheckSymbolExists.c:8:19: error: 'CL_VERSION_2_1' undeclared (first use in this function)
   return ((int*)(&CL_VERSION_2_1))[argc];
                   ^~~~~~~~~~~~~~
/afs/cern.ch/user/m/mbarbone/private/test-regression/debug/CMakeFiles/CMakeTmp/CheckSymbolExists.c:8:19: note: each undeclared identifier is reported only once for each function it appears in
gmake[1]: *** [CMakeFiles/cmTC_fb639.dir/CheckSymbolExists.c.o] Error 1
gmake[1]: Leaving directory `/afs/cern.ch/user/m/mbarbone/private/test-regression/debug/CMakeFiles/CMakeTmp'
gmake: *** [cmTC_fb639/fast] Error 2

File /afs/cern.ch/user/m/mbarbone/private/test-regression/debug/CMakeFiles/CMakeTmp/CheckSymbolExists.c:
/* */
#include </usr/local/cuda/include/CL/cl.h>

int main(int argc, char** argv)
{
  (void)argv;
#ifndef CL_VERSION_2_1
  return ((int*)(&CL_VERSION_2_1))[argc];
#else
  (void)argc;
  return 0;
#endif
}

Determining if the CL_VERSION_2_0 exist failed with the following output:
Change Dir: /afs/cern.ch/user/m/mbarbone/private/test-regression/debug/CMakeFiles/CMakeTmp

Run Build Command:"/usr/bin/gmake" "cmTC_1a9cf/fast"
/usr/bin/gmake -f CMakeFiles/cmTC_1a9cf.dir/build.make CMakeFiles/cmTC_1a9cf.dir/build
gmake[1]: Entering directory `/afs/cern.ch/user/m/mbarbone/private/test-regression/debug/CMakeFiles/CMakeTmp'
Building C object CMakeFiles/cmTC_1a9cf.dir/CheckSymbolExists.c.o
/cvmfs/cms.cern.ch/slc7_amd64_gcc630/external/gcc/6.3.0/bin/cc  -I/usr/local/cuda/include   -o CMakeFiles/cmTC_1a9cf.dir/CheckSymbolExists.c.o   -c /afs/cern.ch/user/m/mbarbone/private/test-regression/debug/CMakeFiles/CMakeTmp/CheckSymbolExists.c
/afs/cern.ch/user/m/mbarbone/private/test-regression/debug/CMakeFiles/CMakeTmp/CheckSymbolExists.c: In function 'main':
/afs/cern.ch/user/m/mbarbone/private/test-regression/debug/CMakeFiles/CMakeTmp/CheckSymbolExists.c:8:19: error: 'CL_VERSION_2_0' undeclared (first use in this function)
   return ((int*)(&CL_VERSION_2_0))[argc];
                   ^~~~~~~~~~~~~~
/afs/cern.ch/user/m/mbarbone/private/test-regression/debug/CMakeFiles/CMakeTmp/CheckSymbolExists.c:8:19: note: each undeclared identifier is reported only once for each function it appears in
gmake[1]: *** [CMakeFiles/cmTC_1a9cf.dir/CheckSymbolExists.c.o] Error 1
gmake[1]: Leaving directory `/afs/cern.ch/user/m/mbarbone/private/test-regression/debug/CMakeFiles/CMakeTmp'
gmake: *** [cmTC_1a9cf/fast] Error 2

File /afs/cern.ch/user/m/mbarbone/private/test-regression/debug/CMakeFiles/CMakeTmp/CheckSymbolExists.c:
/* */
#include </usr/local/cuda/include/CL/cl.h>

int main(int argc, char** argv)
{
  (void)argv;
#ifndef CL_VERSION_2_0
  return ((int*)(&CL_VERSION_2_0))[argc];
#else
  (void)argc;
  return 0;
#endif
}

